.
├── [4.0K]  consensus
│   ├── [4.4K]  concensus.bib
│   ├── [121K]  concensus.pdf
│   └── [ 31K]  concensus.tex
├── [ 430]  .gitignore
├── [4.0K]  include
│   ├── [2.6K]  define.h
│   └── [3.5K]  utils.h
├── [6.9K]  LICENSE
├── [ 362]  Makefile
├── [ 17K]  README.rst
├── [4.0K]  src
│   ├── [8.0K]  daemon.c
│   ├── [ 18K]  fserv.c
│   ├── [4.6K]  main.c
│   ├── [1.3K]  sig.c
│   ├── [9.1K]  sserv.c
│   └── [5.3K]  utils.c
├── [4.9K]  sufd.log
├── [ 186]  .travis.yml
└── [   0]  tree_view.out

3 directories, 18 files
